#
# A fatal error has been detected by the Java Runtime Environment:
#
#  EXCEPTION_ACCESS_VIOLATION (0xc0000005) at pc=0x00007ff926cca8d3, pid=12988, tid=17440
#
# JRE version: Java(TM) SE Runtime Environment (17.0.2+8) (build 17.0.2+8-LTS-86)
# Java VM: Java HotSpot(TM) 64-Bit Server VM (17.0.2+8-LTS-86, mixed mode, sharing, tiered, compressed oops, compressed class ptrs, g1 gc, windows-amd64)
# Problematic frame:
# V  [jvm.dll+0x14a8d3]
#
# No core dump will be written. Minidumps are not enabled by default on client versions of Windows
#
# If you would like to submit a bug report, please visit:
#   https://bugreport.java.com/bugreport/crash.jsp
#

---------------  S U M M A R Y ------------

Command Line: -Dfile.encoding=x-windows-949 -Duser.country=KR -Duser.language=ko -Duser.variant com.group3.project_green.ProjectGreenApplication

Host: ## __CPU__, 8 cores, 15G,  Windows 10 , 64 bit Build 19041 (10.0.19041.1645)
Time: Mon Jun  6 18:46:15 2022  Windows 10 , 64 bit Build 19041 (10.0.19041.1645) elapsed time: 82.633374 seconds (0d 0h 1m 22s)

---------------  T H R E A D  ---------------

Current thread (0x000001d37f626620):  JavaThread "C1 CompilerThread0" daemon [_thread_in_native, id=17440, stack(0x0000005b09e00000,0x0000005b09f00000)]


Current CompileTask:
C1:  82633 6885       3       java.util.GregorianCalendar::computeFields (1585 bytes)

Stack: [0x0000005b09e00000,0x0000005b09f00000],  sp=0x0000005b09efe7c0,  free space=1017k
Native frames: (J=compiled Java code, j=interpreted, Vv=VM code, C=native code)
V  [jvm.dll+0x14a8d3]
V  [jvm.dll+0x13e845]
V  [jvm.dll+0x13c674]
V  [jvm.dll+0x13664f]
V  [jvm.dll+0x146176]
V  [jvm.dll+0x131d40]
V  [jvm.dll+0x1320a0]
V  [jvm.dll+0x132366]
V  [jvm.dll+0x1317fa]
V  [jvm.dll+0x1334c1]
V  [jvm.dll+0x224908]
V  [jvm.dll+0x222a6c]
V  [jvm.dll+0x7859bb]
V  [jvm.dll+0x77ff7a]
V  [jvm.dll+0x66fa35]
C  [ucrtbase.dll+0x21bb2]
C  [KERNEL32.DLL+0x17034]
C  [ntdll.dll+0x52651]


siginfo: EXCEPTION_ACCESS_VIOLATION (0xc0000005), reading address 0x000000000000000c


Register to memory mapping:

RIP=0x00007ff926cca8d3 jvm.dll
RAX=0x0 is NULL
RBX=0x0000000000000603 is an unknown value
RCX=0x0000000018460461 is an unknown value
RDX=0x000000000000000a is an unknown value
RSP=0x0000005b09efe7c0 is pointing into the stack for thread: 0x000001d37f626620
RBP=0x0000005b09efe8a0 is pointing into the stack for thread: 0x000001d37f626620
RSI=0x000001d32026f9c0 points into unknown readable memory: 0x00007ff92766b408 | 08 b4 66 27 f9 7f 00 00
RDI=0x0 is NULL
R8 =0x000000000000000a is an unknown value
R9 =0x000001d32026f840 points into unknown readable memory: 0x00007ff92766b408 | 08 b4 66 27 f9 7f 00 00
R10=0x000001d32026fa60 points into unknown readable memory: 0x00007ff92766b408 | 08 b4 66 27 f9 7f 00 00
R11=0x000000000000001e is an unknown value
R12=0x0 is NULL
R13=0x000001d32026f850 points into unknown readable memory: 0x00007ff92766b408 | 08 b4 66 27 f9 7f 00 00
R14=0x000001d3221c8000 points into unknown readable memory: 0x00007ff927440808 | 08 08 44 27 f9 7f 00 00
R15=0x0 is NULL


Registers:
RAX=0x0000000000000000, RBX=0x0000000000000603, RCX=0x0000000018460461, RDX=0x000000000000000a
RSP=0x0000005b09efe7c0, RBP=0x0000005b09efe8a0, RSI=0x000001d32026f9c0, RDI=0x0000000000000000
R8 =0x000000000000000a, R9 =0x000001d32026f840, R10=0x000001d32026fa60, R11=0x000000000000001e
R12=0x0000000000000000, R13=0x000001d32026f850, R14=0x000001d3221c8000, R15=0x0000000000000000
RIP=0x00007ff926cca8d3, EFLAGS=0x0000000000010207

Top of Stack: (sp=0x0000005b09efe7c0)
0x0000005b09efe7c0:   0000000000000603 0000005b09efe8a0
0x0000005b09efe7d0:   000001d32026f9c0 000001d32026f780
0x0000005b09efe7e0:   000001d32026fb00 000000000000001e
0x0000005b09efe7f0:   000001d32026f001 000001d3221c7e00
0x0000005b09efe800:   0000000000000000 00007ff926b80000
0x0000005b09efe810:   0000005b09eff200 0000000000000001
0x0000005b09efe820:   0000005b09efea80 00007ff926cbe845
0x0000005b09efe830:   000001d32026f780 000001d32026f850
0x0000005b09efe840:   000001d32026f780 0000005b09efe8a0
0x0000005b09efe850:   000001d31ea98280 000001d31ea981d0
0x0000005b09efe860:   000001d31ea9bb20 0000000000000000
0x0000005b09efe870:   0000000000000000 000001d31ea9b520
0x0000005b09efe880:   000001d31ea9bb51 000001d31ea9bb23
0x0000005b09efe890:   000000a1000000a1 000001d32026c1c0
0x0000005b09efe8a0:   ffffffffffffffff 0000005b09eff2f0
0x0000005b09efe8b0:   0000000000000000 000001d3221c7e00 

Instructions: (pc=0x00007ff926cca8d3)
0x00007ff926cca7d3:   89 44 01 f0 44 8b 8b b8 00 00 00 41 3b d1 7c dd
0x00007ff926cca7e3:   41 8d 41 ff 89 83 b8 00 00 00 e9 3e ff ff ff cc
0x00007ff926cca7f3:   cc cc cc cc cc cc cc cc cc cc cc cc cc 48 89 5c
0x00007ff926cca803:   24 18 48 89 6c 24 20 48 89 54 24 10 56 57 41 55
0x00007ff926cca813:   41 56 41 57 48 83 ec 40 48 8b 71 60 4c 8b ea 4c
0x00007ff926cca823:   8b f1 48 85 f6 0f 85 a8 01 00 00 8b 81 84 00 00
0x00007ff926cca833:   00 c1 e8 06 a8 01 0f 85 75 03 00 00 8b 59 6c 8d
0x00007ff926cca843:   4e 50 e8 f6 08 fc ff 33 ff 48 85 c0 74 17 44 8b
0x00007ff926cca853:   cb 44 8d 46 06 49 8b d5 48 8b c8 e8 ed 2e 04 00
0x00007ff926cca863:   48 8b f0 eb 03 48 8b f7 48 8b 0e 48 8d 54 24 20
0x00007ff926cca873:   45 8b 46 6c 48 8b 49 18 e8 50 1d 08 00 40 38 7c
0x00007ff926cca883:   24 30 74 71 44 8b 5e 18 44 8b c7 45 85 db 7e 65
0x00007ff926cca893:   0f 1f 40 00 66 0f 1f 84 00 00 00 00 00 48 8b 46
0x00007ff926cca8a3:   20 49 63 c8 4c 8b 0c c8 4c 8d 14 c8 4d 85 c9 74
0x00007ff926cca8b3:   37 0f b6 c1 48 c1 e9 06 24 3f 0f b6 d0 48 8b 44
0x00007ff926cca8c3:   24 20 48 8b 0c c8 48 0f a3 d1 73 0a 49 8b 41 18
0x00007ff926cca8d3:   83 78 0c 08 75 03 49 89 3a 49 8b 41 18 83 78 0c
0x00007ff926cca8e3:   08 74 05 8b 40 08 eb 05 b8 01 00 00 00 44 03 c0
0x00007ff926cca8f3:   45 3b c3 7c a8 41 8b 86 84 00 00 00 c1 e8 07 a8
0x00007ff926cca903:   01 0f 84 c1 00 00 00 44 8b 7e 30 8b ef 45 85 ff
0x00007ff926cca913:   7e 30 66 66 66 0f 1f 84 00 00 00 00 00 48 8b 46
0x00007ff926cca923:   38 44 8b c5 48 63 cd 49 8b d6 48 8b 1c c8 48 8b
0x00007ff926cca933:   ce e8 f7 35 04 00 48 8b 43 18 03 68 08 41 3b ef
0x00007ff926cca943:   7c db 8b 6e 18 4c 8b 3e 85 ed 7e 7c 90 48 8b 46
0x00007ff926cca953:   20 48 63 d7 48 8b 1c d0 48 85 db 74 60 4d 8b 4f
0x00007ff926cca963:   50 0f b6 c2 24 3f 0f b6 c8 48 8b c2 48 c1 e8 06
0x00007ff926cca973:   49 8b 04 c1 48 0f a3 c8 72 24 4c 8b 43 18 41 83
0x00007ff926cca983:   78 08 02 75 2b 48 ff c2 0f b6 c2 48 c1 ea 06 24
0x00007ff926cca993:   3f 0f b6 c8 49 8b 04 d1 48 0f a3 c8 73 12 44 8b
0x00007ff926cca9a3:   c7 49 8b d6 48 8b ce e8 c1 34 04 00 4c 8b 43 18
0x00007ff926cca9b3:   41 83 78 0c 08 74 06 41 8b 40 08 eb 05 b8 01 00
0x00007ff926cca9c3:   00 00 03 f8 3b fd 7c 85 49 89 76 60 b0 01 e9 e0 


Stack slot to memory mapping:
stack at sp + 0 slots: 0x0000000000000603 is an unknown value
stack at sp + 1 slots: 0x0000005b09efe8a0 is pointing into the stack for thread: 0x000001d37f626620
stack at sp + 2 slots: 0x000001d32026f9c0 points into unknown readable memory: 0x00007ff92766b408 | 08 b4 66 27 f9 7f 00 00
stack at sp + 3 slots: 0x000001d32026f780 points into unknown readable memory: 0x00007ff92766b408 | 08 b4 66 27 f9 7f 00 00
stack at sp + 4 slots: 0x000001d32026fb00 points into unknown readable memory: 0x00007ff92766b408 | 08 b4 66 27 f9 7f 00 00
stack at sp + 5 slots: 0x000000000000001e is an unknown value
stack at sp + 6 slots: 0x000001d32026f001 points into unknown readable memory: b4 66 27 f9 7f 00 00
stack at sp + 7 slots: 0x000001d3221c7e00 points into unknown readable memory: 0x00007ff927440808 | 08 08 44 27 f9 7f 00 00


---------------  P R O C E S S  ---------------

Threads class SMR info:
_java_thread_list=0x000001d321a3e030, length=31, elements={
0x000001d37f5fa850, 0x000001d37f5fb310, 0x000001d37f6153c0, 0x000001d37f619ca0,
0x000001d37f61e570, 0x000001d37f61f5d0, 0x000001d37f620880, 0x000001d37f626620,
0x000001d37f62e9e0, 0x000001d31d11d8f0, 0x000001d31d1214b0, 0x000001d324955200,
0x000001d3233989f0, 0x000001d3230714e0, 0x000001d321841620, 0x000001d324ea2620,
0x000001d321d29f20, 0x000001d321d2a8c0, 0x000001d321d2b730, 0x000001d321d2a3f0,
0x000001d321d2ad90, 0x000001d321d2b260, 0x000001d32534de60, 0x000001d32534f1a0,
0x000001d325351350, 0x000001d32534e800, 0x000001d325350e80, 0x000001d32534a970,
0x000001d325350010, 0x000001d32534bcb0, 0x000001d37f629dd0
}

Java Threads: ( => current thread )
  0x000001d37f5fa850 JavaThread "Reference Handler" daemon [_thread_blocked, id=7032, stack(0x0000005b09700000,0x0000005b09800000)]
  0x000001d37f5fb310 JavaThread "Finalizer" daemon [_thread_blocked, id=4424, stack(0x0000005b09800000,0x0000005b09900000)]
  0x000001d37f6153c0 JavaThread "Signal Dispatcher" daemon [_thread_blocked, id=15180, stack(0x0000005b09900000,0x0000005b09a00000)]
  0x000001d37f619ca0 JavaThread "Attach Listener" daemon [_thread_blocked, id=14436, stack(0x0000005b09a00000,0x0000005b09b00000)]
  0x000001d37f61e570 JavaThread "Service Thread" daemon [_thread_blocked, id=14084, stack(0x0000005b09b00000,0x0000005b09c00000)]
  0x000001d37f61f5d0 JavaThread "Monitor Deflation Thread" daemon [_thread_blocked, id=432, stack(0x0000005b09c00000,0x0000005b09d00000)]
  0x000001d37f620880 JavaThread "C2 CompilerThread0" daemon [_thread_in_native, id=3168, stack(0x0000005b09d00000,0x0000005b09e00000)]
=>0x000001d37f626620 JavaThread "C1 CompilerThread0" daemon [_thread_in_native, id=17440, stack(0x0000005b09e00000,0x0000005b09f00000)]
  0x000001d37f62e9e0 JavaThread "Sweeper thread" daemon [_thread_blocked, id=17420, stack(0x0000005b09f00000,0x0000005b0a000000)]
  0x000001d31d11d8f0 JavaThread "Notification Thread" daemon [_thread_blocked, id=13944, stack(0x0000005b0a000000,0x0000005b0a100000)]
  0x000001d31d1214b0 JavaThread "Common-Cleaner" daemon [_thread_blocked, id=13672, stack(0x0000005b0a200000,0x0000005b0a300000)]
  0x000001d324955200 JavaThread "Catalina-utility-1" [_thread_blocked, id=15096, stack(0x0000005b0af00000,0x0000005b0b000000)]
  0x000001d3233989f0 JavaThread "Catalina-utility-2" [_thread_blocked, id=13556, stack(0x0000005b0b000000,0x0000005b0b100000)]
  0x000001d3230714e0 JavaThread "container-0" [_thread_blocked, id=4304, stack(0x0000005b0b100000,0x0000005b0b200000)]
  0x000001d321841620 JavaThread "HikariPool-1 housekeeper" daemon [_thread_blocked, id=17728, stack(0x0000005b0b300000,0x0000005b0b400000)]
  0x000001d324ea2620 JavaThread "File Watcher" daemon [_thread_blocked, id=15220, stack(0x0000005b0b500000,0x0000005b0b600000)]
  0x000001d321d29f20 JavaThread "Live Reload Server" daemon [_thread_in_native, id=3952, stack(0x0000005b0b700000,0x0000005b0b800000)]
  0x000001d321d2a8c0 JavaThread "http-nio-8080-exec-1" daemon [_thread_blocked, id=12144, stack(0x0000005b0b600000,0x0000005b0b700000)]
  0x000001d321d2b730 JavaThread "http-nio-8080-exec-2" daemon [_thread_blocked, id=11604, stack(0x0000005b0b800000,0x0000005b0b900000)]
  0x000001d321d2a3f0 JavaThread "http-nio-8080-exec-3" daemon [_thread_blocked, id=15144, stack(0x0000005b0b900000,0x0000005b0ba00000)]
  0x000001d321d2ad90 JavaThread "http-nio-8080-exec-4" daemon [_thread_blocked, id=15872, stack(0x0000005b0ba00000,0x0000005b0bb00000)]
  0x000001d321d2b260 JavaThread "http-nio-8080-exec-5" daemon [_thread_blocked, id=3644, stack(0x0000005b0bb00000,0x0000005b0bc00000)]
  0x000001d32534de60 JavaThread "http-nio-8080-exec-6" daemon [_thread_blocked, id=11432, stack(0x0000005b0bc00000,0x0000005b0bd00000)]
  0x000001d32534f1a0 JavaThread "http-nio-8080-exec-7" daemon [_thread_blocked, id=10796, stack(0x0000005b0bd00000,0x0000005b0be00000)]
  0x000001d325351350 JavaThread "http-nio-8080-exec-8" daemon [_thread_blocked, id=1948, stack(0x0000005b0be00000,0x0000005b0bf00000)]
  0x000001d32534e800 JavaThread "http-nio-8080-exec-9" daemon [_thread_blocked, id=16520, stack(0x0000005b0bf00000,0x0000005b0c000000)]
  0x000001d325350e80 JavaThread "http-nio-8080-exec-10" daemon [_thread_blocked, id=14988, stack(0x0000005b0c000000,0x0000005b0c100000)]
  0x000001d32534a970 JavaThread "http-nio-8080-Poller" daemon [_thread_in_Java, id=5148, stack(0x0000005b0c100000,0x0000005b0c200000)]
  0x000001d325350010 JavaThread "http-nio-8080-Acceptor" daemon [_thread_in_native, id=15404, stack(0x0000005b0c200000,0x0000005b0c300000)]
  0x000001d32534bcb0 JavaThread "DestroyJavaVM" [_thread_blocked, id=17428, stack(0x0000005b09000000,0x0000005b09100000)]
  0x000001d37f629dd0 JavaThread "C2 CompilerThread1" daemon [_thread_blocked, id=8084, stack(0x0000005b08d00000,0x0000005b08e00000)]

Other Threads:
  0x000001d37f5f4e40 VMThread "VM Thread" [stack: 0x0000005b09600000,0x0000005b09700000] [id=13288]
  0x000001d31d11ddc0 WatcherThread [stack: 0x0000005b0a100000,0x0000005b0a200000] [id=11080]
  0x000001d3771f2ab0 GCTaskThread "GC Thread#0" [stack: 0x0000005b09100000,0x0000005b09200000] [id=16972]
  0x000001d31db4dd90 GCTaskThread "GC Thread#1" [stack: 0x0000005b0a700000,0x0000005b0a800000] [id=2408]
  0x000001d31db57350 GCTaskThread "GC Thread#2" [stack: 0x0000005b0a800000,0x0000005b0a900000] [id=14752]
  0x000001d31dd3aa80 GCTaskThread "GC Thread#3" [stack: 0x0000005b0a900000,0x0000005b0aa00000] [id=14756]
  0x000001d31db10fe0 GCTaskThread "GC Thread#4" [stack: 0x0000005b0aa00000,0x0000005b0ab00000] [id=10264]
  0x000001d31db11290 GCTaskThread "GC Thread#5" [stack: 0x0000005b0ab00000,0x0000005b0ac00000] [id=16472]
  0x000001d31db1dbe0 GCTaskThread "GC Thread#6" [stack: 0x0000005b0ac00000,0x0000005b0ad00000] [id=16652]
  0x000001d31dfb13b0 GCTaskThread "GC Thread#7" [stack: 0x0000005b0ae00000,0x0000005b0af00000] [id=16212]
  0x000001d377205470 ConcurrentGCThread "G1 Main Marker" [stack: 0x0000005b09200000,0x0000005b09300000] [id=5636]
  0x000001d377205d90 ConcurrentGCThread "G1 Conc#0" [stack: 0x0000005b09300000,0x0000005b09400000] [id=3416]
  0x000001d31e81d760 ConcurrentGCThread "G1 Conc#1" [stack: 0x0000005b0ad00000,0x0000005b0ae00000] [id=13924]
  0x000001d37725ba50 ConcurrentGCThread "G1 Refine#0" [stack: 0x0000005b09400000,0x0000005b09500000] [id=11404]
  0x000001d37f4c24c0 ConcurrentGCThread "G1 Service" [stack: 0x0000005b09500000,0x0000005b09600000] [id=18284]

Threads with active compile tasks:
C2 CompilerThread0    82670 6700       4       java.lang.invoke.MethodType::makeImpl (109 bytes)
C1 CompilerThread0    82670 6885       3       java.util.GregorianCalendar::computeFields (1585 bytes)

VM state: not at safepoint (normal execution)

VM Mutex/Monitor currently owned by a thread: None

Heap address: 0x0000000704a00000, size: 4022 MB, Compressed Oops mode: Zero based, Oop shift amount: 3

CDS archive(s) mapped at: [0x0000000800000000-0x0000000800bc0000-0x0000000800bc0000), size 12320768, SharedBaseAddress: 0x0000000800000000, ArchiveRelocationMode: 0.
Compressed class space mapped at: 0x0000000800c00000-0x0000000840c00000, reserved size: 1073741824
Narrow klass base: 0x0000000800000000, Narrow klass shift: 0, Narrow klass range: 0x100000000

GC Precious Log:
 CPUs: 8 total, 8 available
 Memory: 16080M
 Large Page Support: Disabled
 NUMA Support: Disabled
 Compressed Oops: Enabled (Zero based)
 Heap Region Size: 2M
 Heap Min Capacity: 8M
 Heap Initial Capacity: 252M
 Heap Max Capacity: 4022M
 Pre-touch: Disabled
 Parallel Workers: 8
 Concurrent Workers: 2
 Concurrent Refinement Workers: 8
 Periodic GC: Disabled

Heap:
 garbage-first heap   total 92160K, used 70637K [0x0000000704a00000, 0x0000000800000000)
  region size 2048K, 1 young (2048K), 0 survivors (0K)
 Metaspace       used 62028K, committed 62528K, reserved 1105920K
  class space    used 8384K, committed 8640K, reserved 1048576K

Heap Regions: E=young(eden), S=young(survivor), O=old, HS=humongous(starts), HC=humongous(continues), CS=collection set, F=free, OA=open archive, CA=closed archive, TAMS=top-at-mark-start (previous, next)
|   0|0x0000000704a00000, 0x0000000704c00000, 0x0000000704c00000|100%| O|  |TAMS 0x0000000704c00000, 0x0000000704a00000| Untracked 
|   1|0x0000000704c00000, 0x0000000704e00000, 0x0000000704e00000|100%| O|  |TAMS 0x0000000704e00000, 0x0000000704c00000| Untracked 
|   2|0x0000000704e00000, 0x0000000705000000, 0x0000000705000000|100%| O|  |TAMS 0x0000000705000000, 0x0000000704e00000| Untracked 
|   3|0x0000000705000000, 0x0000000705200000, 0x0000000705200000|100%| O|  |TAMS 0x0000000705000000, 0x0000000705000000| Untracked 
|   4|0x0000000705200000, 0x0000000705400000, 0x0000000705400000|100%| O|  |TAMS 0x0000000705400000, 0x0000000705200000| Untracked 
|   5|0x0000000705400000, 0x0000000705600000, 0x0000000705600000|100%| O|  |TAMS 0x0000000705600000, 0x0000000705400000| Untracked 
|   6|0x0000000705600000, 0x0000000705800000, 0x0000000705800000|100%| O|  |TAMS 0x0000000705800000, 0x0000000705600000| Untracked 
|   7|0x0000000705800000, 0x0000000705a00000, 0x0000000705a00000|100%| O|  |TAMS 0x0000000705a00000, 0x0000000705800000| Untracked 
|   8|0x0000000705a00000, 0x0000000705bf4c00, 0x0000000705c00000| 97%| O|  |TAMS 0x0000000705bf4c00, 0x0000000705a00000| Untracked 
|   9|0x0000000705c00000, 0x0000000705e00000, 0x0000000705e00000|100%| O|  |TAMS 0x0000000705c00000, 0x0000000705c00000| Untracked 
|  10|0x0000000705e00000, 0x0000000706000000, 0x0000000706000000|100%| O|  |TAMS 0x0000000705e00000, 0x0000000705e00000| Untracked 
|  11|0x0000000706000000, 0x0000000706200000, 0x0000000706200000|100%| O|  |TAMS 0x0000000706000000, 0x0000000706000000| Untracked 
|  12|0x0000000706200000, 0x0000000706400000, 0x0000000706400000|100%| O|  |TAMS 0x0000000706200000, 0x0000000706200000| Untracked 
|  13|0x0000000706400000, 0x0000000706485400, 0x0000000706600000| 26%| O|  |TAMS 0x0000000706400000, 0x0000000706400000| Untracked 
|  14|0x0000000706600000, 0x0000000706600000, 0x0000000706800000|  0%| F|  |TAMS 0x0000000706600000, 0x0000000706600000| Untracked 
|  15|0x0000000706800000, 0x0000000706800000, 0x0000000706a00000|  0%| F|  |TAMS 0x0000000706800000, 0x0000000706800000| Untracked 
|  16|0x0000000706a00000, 0x0000000706a00000, 0x0000000706c00000|  0%| F|  |TAMS 0x0000000706a00000, 0x0000000706a00000| Untracked 
|  17|0x0000000706c00000, 0x0000000706c81650, 0x0000000706e00000| 25%| E|  |TAMS 0x0000000706c00000, 0x0000000706c00000| Complete 
|  18|0x0000000706e00000, 0x0000000707000000, 0x0000000707000000|100%| E|  |TAMS 0x0000000706e00000, 0x0000000706e00000| Complete 
|  19|0x0000000707000000, 0x0000000707000000, 0x0000000707200000|  0%| F|  |TAMS 0x0000000707000000, 0x0000000707000000| Untracked 
|  20|0x0000000707200000, 0x0000000707200000, 0x0000000707400000|  0%| F|  |TAMS 0x0000000707200000, 0x0000000707200000| Untracked 
|  21|0x0000000707400000, 0x0000000707400000, 0x0000000707600000|  0%| F|  |TAMS 0x0000000707400000, 0x0000000707400000| Untracked 
|  22|0x0000000707600000, 0x0000000707800000, 0x0000000707800000|100%| E|  |TAMS 0x0000000707600000, 0x0000000707600000| Complete 
|  23|0x0000000707800000, 0x0000000707800000, 0x0000000707a00000|  0%| F|  |TAMS 0x0000000707800000, 0x0000000707800000| Untracked 
|  24|0x0000000707a00000, 0x0000000707a00000, 0x0000000707c00000|  0%| F|  |TAMS 0x0000000707a00000, 0x0000000707a00000| Untracked 
|  25|0x0000000707c00000, 0x0000000707e00000, 0x0000000707e00000|100%| E|  |TAMS 0x0000000707c00000, 0x0000000707c00000| Complete 
|  26|0x0000000707e00000, 0x0000000708000000, 0x0000000708000000|100%| E|  |TAMS 0x0000000707e00000, 0x0000000707e00000| Complete 
|  27|0x0000000708000000, 0x0000000708200000, 0x0000000708200000|100%| E|  |TAMS 0x0000000708000000, 0x0000000708000000| Complete 
|  28|0x0000000708200000, 0x0000000708400000, 0x0000000708400000|100%| E|  |TAMS 0x0000000708200000, 0x0000000708200000| Complete 
|  29|0x0000000708400000, 0x0000000708600000, 0x0000000708600000|100%| E|  |TAMS 0x0000000708400000, 0x0000000708400000| Complete 
|  30|0x0000000708600000, 0x0000000708800000, 0x0000000708800000|100%| E|  |TAMS 0x0000000708600000, 0x0000000708600000| Complete 
|  31|0x0000000708800000, 0x0000000708a00000, 0x0000000708a00000|100%| E|  |TAMS 0x0000000708800000, 0x0000000708800000| Complete 
|  32|0x0000000708a00000, 0x0000000708c00000, 0x0000000708c00000|100%| E|  |TAMS 0x0000000708a00000, 0x0000000708a00000| Complete 
|  33|0x0000000708c00000, 0x0000000708e00000, 0x0000000708e00000|100%| E|  |TAMS 0x0000000708c00000, 0x0000000708c00000| Complete 
|  34|0x0000000708e00000, 0x0000000709000000, 0x0000000709000000|100%| E|  |TAMS 0x0000000708e00000, 0x0000000708e00000| Complete 
|  35|0x0000000709000000, 0x0000000709200000, 0x0000000709200000|100%| E|  |TAMS 0x0000000709000000, 0x0000000709000000| Complete 
|  36|0x0000000709200000, 0x0000000709400000, 0x0000000709400000|100%| E|  |TAMS 0x0000000709200000, 0x0000000709200000| Complete 
|  37|0x0000000709400000, 0x0000000709600000, 0x0000000709600000|100%| E|  |TAMS 0x0000000709400000, 0x0000000709400000| Complete 
|  38|0x0000000709600000, 0x0000000709800000, 0x0000000709800000|100%| E|  |TAMS 0x0000000709600000, 0x0000000709600000| Complete 
|  39|0x0000000709800000, 0x0000000709a00000, 0x0000000709a00000|100%| E|  |TAMS 0x0000000709800000, 0x0000000709800000| Complete 
|  40|0x0000000709a00000, 0x0000000709c00000, 0x0000000709c00000|100%| E|  |TAMS 0x0000000709a00000, 0x0000000709a00000| Complete 
|  41|0x0000000709c00000, 0x0000000709e00000, 0x0000000709e00000|100%| E|  |TAMS 0x0000000709c00000, 0x0000000709c00000| Complete 
|  42|0x0000000709e00000, 0x000000070a000000, 0x000000070a000000|100%| E|  |TAMS 0x0000000709e00000, 0x0000000709e00000| Complete 
|  43|0x000000070a000000, 0x000000070a1cd3f0, 0x000000070a200000| 90%| E|  |TAMS 0x000000070a000000, 0x000000070a000000| Complete 
| 125|0x0000000714400000, 0x0000000714600000, 0x0000000714600000|100%| E|  |TAMS 0x0000000714400000, 0x0000000714400000| Complete 

Card table byte_map: [0x000001d379c90000,0x000001d37a470000] _byte_map_base: 0x000001d37646b000

Marking Bits (Prev, Next): (CMBitMap*) 0x000001d3771f5030, (CMBitMap*) 0x000001d3771f4ff0
 Prev Bits: [0x000001d316780000, 0x000001d31a658000)
 Next Bits: [0x000001d37ac50000, 0x000001d37eb28000)

Polling page: 0x000001d378a20000

Metaspace:

Usage:
  Non-class:     52.39 MB used.
      Class:      8.19 MB used.
       Both:     60.57 MB used.

Virtual space:
  Non-class space:       56.00 MB reserved,      52.62 MB ( 94%) committed,  7 nodes.
      Class space:        1.00 GB reserved,       8.44 MB ( <1%) committed,  1 nodes.
             Both:        1.05 GB reserved,      61.06 MB (  6%) committed. 

Chunk freelists:
   Non-Class:  2.48 MB
       Class:  3.61 MB
        Both:  6.09 MB

MaxMetaspaceSize: unlimited
CompressedClassSpaceSize: 1.00 GB
Initial GC threshold: 21.00 MB
Current GC threshold: 67.94 MB
CDS: on
MetaspaceReclaimPolicy: balanced
 - commit_granule_bytes: 65536.
 - commit_granule_words: 8192.
 - virtual_space_node_default_size: 1048576.
 - enlarge_chunks_in_place: 1.
 - new_chunks_are_fully_committed: 0.
 - uncommit_free_chunks: 1.
 - use_allocation_guard: 0.
 - handle_deallocations: 1.


Internal statistics:

num_allocs_failed_limit: 11.
num_arena_births: 532.
num_arena_deaths: 0.
num_vsnodes_births: 8.
num_vsnodes_deaths: 0.
num_space_committed: 977.
num_space_uncommitted: 0.
num_chunks_returned_to_freelist: 11.
num_chunks_taken_from_freelist: 2870.
num_chunk_merges: 11.
num_chunk_splits: 2010.
num_chunks_enlarged: 1550.
num_purges: 0.
num_inconsistent_stats: 0.

CodeHeap 'non-profiled nmethods': size=120000Kb used=4861Kb max_used=4861Kb free=115138Kb
 bounds [0x000001d30f250000, 0x000001d30f710000, 0x000001d316780000]
CodeHeap 'profiled nmethods': size=120000Kb used=11678Kb max_used=11678Kb free=108321Kb
 bounds [0x000001d307d20000, 0x000001d308890000, 0x000001d30f250000]
CodeHeap 'non-nmethods': size=5760Kb used=1319Kb max_used=1383Kb free=4440Kb
 bounds [0x000001d307780000, 0x000001d3079f0000, 0x000001d307d20000]
 total_blobs=6724 nmethods=6093 adapters=542
 compilation: enabled
              stopped_count=0, restarted_count=0
 full_count=0

Compilation events (20 events):
Event: 82.615 Thread 0x000001d37f626620 nmethod 6872 0x000001d30887f510 code [0x000001d30887f720, 0x000001d30887fc38]
Event: 82.615 Thread 0x000001d37f626620 6873   !   3       ch.qos.logback.core.OutputStreamAppender::writeBytes (60 bytes)
Event: 82.616 Thread 0x000001d37f626620 nmethod 6873 0x000001d30887fe10 code [0x000001d308880060, 0x000001d308880c38]
Event: 82.616 Thread 0x000001d37f626620 6875       3       java.lang.Throwable::<init> (29 bytes)
Event: 82.616 Thread 0x000001d37f626620 nmethod 6875 0x000001d308881090 code [0x000001d308881240, 0x000001d3088815a8]
Event: 82.617 Thread 0x000001d37f626620 6876   !   3       ch.qos.logback.core.UnsynchronizedAppenderBase::doAppend (214 bytes)
Event: 82.618 Thread 0x000001d37f626620 nmethod 6876 0x000001d308881690 code [0x000001d308881aa0, 0x000001d308883718]
Event: 82.618 Thread 0x000001d37f626620 6877       3       ch.qos.logback.core.UnsynchronizedAppenderBase::getFilterChainDecision (9 bytes)
Event: 82.618 Thread 0x000001d37f626620 nmethod 6877 0x000001d308884290 code [0x000001d308884440, 0x000001d308884588]
Event: 82.618 Thread 0x000001d37f626620 6878       3       ch.qos.logback.core.spi.FilterAttachableImpl::getFilterChainDecision (62 bytes)
Event: 82.618 Thread 0x000001d37f626620 nmethod 6878 0x000001d308884690 code [0x000001d3088848c0, 0x000001d3088851b8]
Event: 82.620 Thread 0x000001d37f626620 6879       3       java.util.IdentityHashMap::<init> (11 bytes)
Event: 82.621 Thread 0x000001d37f626620 nmethod 6879 0x000001d308885510 code [0x000001d3088856c0, 0x000001d3088859f8]
Event: 82.621 Thread 0x000001d37f626620 6881       3       java.lang.ThreadLocal$ThreadLocalMap::set (133 bytes)
Event: 82.621 Thread 0x000001d37f626620 nmethod 6881 0x000001d308885b10 code [0x000001d308885da0, 0x000001d308886ac8]
Event: 82.623 Thread 0x000001d37f626620 6882       3       java.util.ResourceBundle::getString (9 bytes)
Event: 82.623 Thread 0x000001d37f626620 nmethod 6882 0x000001d308886f90 code [0x000001d308887140, 0x000001d308887368]
Event: 82.623 Thread 0x000001d37f626620 6883   !   3       java.util.logging.LogManager::initializeGlobalHandlers (92 bytes)
Event: 82.624 Thread 0x000001d37f626620 nmethod 6883 0x000001d308887410 code [0x000001d3088876a0, 0x000001d3088884a8]
Event: 82.624 Thread 0x000001d37f626620 6885       3       java.util.GregorianCalendar::computeFields (1585 bytes)

GC Heap History (20 events):
Event: 4.214 GC heap before
{Heap before GC invocations=14 (full 0):
 garbage-first heap   total 75776K, used 56088K [0x0000000704a00000, 0x0000000800000000)
  region size 2048K, 19 young (38912K), 3 survivors (6144K)
 Metaspace       used 53380K, committed 53696K, reserved 1097728K
  class space    used 7280K, committed 7424K, reserved 1048576K
}
Event: 4.217 GC heap after
{Heap after GC invocations=15 (full 0):
 garbage-first heap   total 75776K, used 25270K [0x0000000704a00000, 0x0000000800000000)
  region size 2048K, 2 young (4096K), 2 survivors (4096K)
 Metaspace       used 53380K, committed 53696K, reserved 1097728K
  class space    used 7280K, committed 7424K, reserved 1048576K
}
Event: 4.542 GC heap before
{Heap before GC invocations=15 (full 0):
 garbage-first heap   total 75776K, used 58038K [0x0000000704a00000, 0x0000000800000000)
  region size 2048K, 18 young (36864K), 2 survivors (4096K)
 Metaspace       used 55808K, committed 56192K, reserved 1097728K
  class space    used 7599K, committed 7808K, reserved 1048576K
}
Event: 4.545 GC heap after
{Heap after GC invocations=16 (full 0):
 garbage-first heap   total 75776K, used 27406K [0x0000000704a00000, 0x0000000800000000)
  region size 2048K, 3 young (6144K), 3 survivors (6144K)
 Metaspace       used 55808K, committed 56192K, reserved 1097728K
  class space    used 7599K, committed 7808K, reserved 1048576K
}
Event: 10.096 GC heap before
{Heap before GC invocations=16 (full 0):
 garbage-first heap   total 75776K, used 58126K [0x0000000704a00000, 0x0000000800000000)
  region size 2048K, 18 young (36864K), 3 survivors (6144K)
 Metaspace       used 59409K, committed 59840K, reserved 1105920K
  class space    used 8077K, committed 8256K, reserved 1048576K
}
Event: 10.100 GC heap after
{Heap after GC invocations=17 (full 0):
 garbage-first heap   total 75776K, used 29152K [0x0000000704a00000, 0x0000000800000000)
  region size 2048K, 3 young (6144K), 3 survivors (6144K)
 Metaspace       used 59409K, committed 59840K, reserved 1105920K
  class space    used 8077K, committed 8256K, reserved 1048576K
}
Event: 40.136 GC heap before
{Heap before GC invocations=17 (full 0):
 garbage-first heap   total 75776K, used 57824K [0x0000000704a00000, 0x0000000800000000)
  region size 2048K, 17 young (34816K), 3 survivors (6144K)
 Metaspace       used 61814K, committed 62208K, reserved 1105920K
  class space    used 8375K, committed 8576K, reserved 1048576K
}
Event: 40.140 GC heap after
{Heap after GC invocations=18 (full 0):
 garbage-first heap   total 75776K, used 31725K [0x0000000704a00000, 0x0000000800000000)
  region size 2048K, 3 young (6144K), 3 survivors (6144K)
 Metaspace       used 61814K, committed 62208K, reserved 1105920K
  class space    used 8375K, committed 8576K, reserved 1048576K
}
Event: 82.508 GC heap before
{Heap before GC invocations=18 (full 0):
 garbage-first heap   total 75776K, used 56301K [0x0000000704a00000, 0x0000000800000000)
  region size 2048K, 15 young (30720K), 3 survivors (6144K)
 Metaspace       used 61952K, committed 62400K, reserved 1105920K
  class space    used 8384K, committed 8640K, reserved 1048576K
}
Event: 82.508 GC heap after
{Heap after GC invocations=19 (full 0):
 garbage-first heap   total 75776K, used 56301K [0x0000000704a00000, 0x0000000800000000)
  region size 2048K, 0 young (0K), 0 survivors (0K)
 Metaspace       used 61952K, committed 62400K, reserved 1105920K
  class space    used 8384K, committed 8640K, reserved 1048576K
}
Event: 82.527 GC heap before
{Heap before GC invocations=19 (full 0):
 garbage-first heap   total 77824K, used 58349K [0x0000000704a00000, 0x0000000800000000)
  region size 2048K, 1 young (2048K), 0 survivors (0K)
 Metaspace       used 61976K, committed 62464K, reserved 1105920K
  class space    used 8384K, committed 8640K, reserved 1048576K
}
Event: 82.527 GC heap after
{Heap after GC invocations=20 (full 0):
 garbage-first heap   total 77824K, used 58349K [0x0000000704a00000, 0x0000000800000000)
  region size 2048K, 0 young (0K), 0 survivors (0K)
 Metaspace       used 61976K, committed 62464K, reserved 1105920K
  class space    used 8384K, committed 8640K, reserved 1048576K
}
Event: 82.548 GC heap before
{Heap before GC invocations=20 (full 0):
 garbage-first heap   total 79872K, used 60397K [0x0000000704a00000, 0x0000000800000000)
  region size 2048K, 1 young (2048K), 0 survivors (0K)
 Metaspace       used 61982K, committed 62464K, reserved 1105920K
  class space    used 8384K, committed 8640K, reserved 1048576K
}
Event: 82.548 GC heap after
{Heap after GC invocations=21 (full 0):
 garbage-first heap   total 79872K, used 60397K [0x0000000704a00000, 0x0000000800000000)
  region size 2048K, 0 young (0K), 0 survivors (0K)
 Metaspace       used 61982K, committed 62464K, reserved 1105920K
  class space    used 8384K, committed 8640K, reserved 1048576K
}
Event: 82.567 GC heap before
{Heap before GC invocations=21 (full 0):
 garbage-first heap   total 81920K, used 62445K [0x0000000704a00000, 0x0000000800000000)
  region size 2048K, 1 young (2048K), 0 survivors (0K)
 Metaspace       used 61986K, committed 62464K, reserved 1105920K
  class space    used 8384K, committed 8640K, reserved 1048576K
}
Event: 82.567 GC heap after
{Heap after GC invocations=22 (full 0):
 garbage-first heap   total 81920K, used 62445K [0x0000000704a00000, 0x0000000800000000)
  region size 2048K, 0 young (0K), 0 survivors (0K)
 Metaspace       used 61986K, committed 62464K, reserved 1105920K
  class space    used 8384K, committed 8640K, reserved 1048576K
}
Event: 82.596 GC heap before
{Heap before GC invocations=22 (full 0):
 garbage-first heap   total 83968K, used 64493K [0x0000000704a00000, 0x0000000800000000)
  region size 2048K, 1 young (2048K), 0 survivors (0K)
 Metaspace       used 61993K, committed 62528K, reserved 1105920K
  class space    used 8384K, committed 8640K, reserved 1048576K
}
Event: 82.596 GC heap after
{Heap after GC invocations=23 (full 0):
 garbage-first heap   total 83968K, used 64493K [0x0000000704a00000, 0x0000000800000000)
  region size 2048K, 0 young (0K), 0 survivors (0K)
 Metaspace       used 61993K, committed 62528K, reserved 1105920K
  class space    used 8384K, committed 8640K, reserved 1048576K
}
Event: 82.615 GC heap before
{Heap before GC invocations=23 (full 0):
 garbage-first heap   total 86016K, used 66541K [0x0000000704a00000, 0x0000000800000000)
  region size 2048K, 1 young (2048K), 0 survivors (0K)
 Metaspace       used 62004K, committed 62528K, reserved 1105920K
  class space    used 8384K, committed 8640K, reserved 1048576K
}
Event: 82.615 GC heap after
{Heap after GC invocations=24 (full 0):
 garbage-first heap   total 86016K, used 66541K [0x0000000704a00000, 0x0000000800000000)
  region size 2048K, 0 young (0K), 0 survivors (0K)
 Metaspace       used 62004K, committed 62528K, reserved 1105920K
  class space    used 8384K, committed 8640K, reserved 1048576K
}

Deoptimization events (20 events):
Event: 70.836 Thread 0x000001d321d2b260 DEOPT PACKING pc=0x000001d30f27efb8 sp=0x0000005b0bbfdc80
Event: 70.836 Thread 0x000001d321d2b260 DEOPT UNPACKING pc=0x000001d3077d5c23 sp=0x0000005b0bbfdc00 mode 2
Event: 79.605 Thread 0x000001d324ea2620 DEOPT PACKING pc=0x000001d308827264 sp=0x0000005b0b5ff250
Event: 79.605 Thread 0x000001d324ea2620 DEOPT UNPACKING pc=0x000001d3077d6763 sp=0x0000005b0b5fe6e8 mode 0
Event: 80.685 Thread 0x000001d324ea2620 Uncommon trap: trap_request=0xffffffbe fr.pc=0x000001d30f6f825c relative=0x0000000000000e7c
Event: 80.685 Thread 0x000001d324ea2620 Uncommon trap: reason=profile_predicate action=maybe_recompile pc=0x000001d30f6f825c method=java.util.AbstractCollection.containsAll(Ljava/util/Collection;)Z @ 13 c2
Event: 80.685 Thread 0x000001d324ea2620 DEOPT PACKING pc=0x000001d30f6f825c sp=0x0000005b0b5ff220
Event: 80.685 Thread 0x000001d324ea2620 DEOPT UNPACKING pc=0x000001d3077d5c23 sp=0x0000005b0b5ff1f0 mode 2
Event: 80.686 Thread 0x000001d324ea2620 Uncommon trap: trap_request=0xffffffbe fr.pc=0x000001d30f6f825c relative=0x0000000000000e7c
Event: 80.686 Thread 0x000001d324ea2620 Uncommon trap: reason=profile_predicate action=maybe_recompile pc=0x000001d30f6f825c method=java.util.AbstractCollection.containsAll(Ljava/util/Collection;)Z @ 13 c2
Event: 80.686 Thread 0x000001d324ea2620 DEOPT PACKING pc=0x000001d30f6f825c sp=0x0000005b0b5ff220
Event: 80.686 Thread 0x000001d324ea2620 DEOPT UNPACKING pc=0x000001d3077d5c23 sp=0x0000005b0b5ff1f0 mode 2
Event: 80.686 Thread 0x000001d324ea2620 Uncommon trap: trap_request=0xffffffbe fr.pc=0x000001d30f6f825c relative=0x0000000000000e7c
Event: 80.686 Thread 0x000001d324ea2620 Uncommon trap: reason=profile_predicate action=maybe_recompile pc=0x000001d30f6f825c method=java.util.AbstractCollection.containsAll(Ljava/util/Collection;)Z @ 13 c2
Event: 80.686 Thread 0x000001d324ea2620 DEOPT PACKING pc=0x000001d30f6f825c sp=0x0000005b0b5ff220
Event: 80.686 Thread 0x000001d324ea2620 DEOPT UNPACKING pc=0x000001d3077d5c23 sp=0x0000005b0b5ff1f0 mode 2
Event: 80.687 Thread 0x000001d324ea2620 Uncommon trap: trap_request=0xffffffbe fr.pc=0x000001d30f6f825c relative=0x0000000000000e7c
Event: 80.687 Thread 0x000001d324ea2620 Uncommon trap: reason=profile_predicate action=maybe_recompile pc=0x000001d30f6f825c method=java.util.AbstractCollection.containsAll(Ljava/util/Collection;)Z @ 13 c2
Event: 80.687 Thread 0x000001d324ea2620 DEOPT PACKING pc=0x000001d30f6f825c sp=0x0000005b0b5ff220
Event: 80.687 Thread 0x000001d324ea2620 DEOPT UNPACKING pc=0x000001d3077d5c23 sp=0x0000005b0b5ff1f0 mode 2

Classes unloaded (0 events):
No events

Classes redefined (0 events):
No events

Internal exceptions (20 events):
Event: 82.623 Thread 0x000001d32534a970 Exception <a 'java/io/IOException'{0x0000000709ccadf8}> (0x0000000709ccadf8) 
thrown [t:\workspace\open\src\hotspot\share\prims\jni.cpp, line 516]
Event: 82.623 Thread 0x000001d32534a970 Exception <a 'java/io/IOException'{0x0000000709cd8d78}> (0x0000000709cd8d78) 
thrown [t:\workspace\open\src\hotspot\share\prims\jni.cpp, line 516]
Event: 82.623 Thread 0x000001d32534a970 Exception <a 'java/io/IOException'{0x0000000709cd9150}> (0x0000000709cd9150) 
thrown [t:\workspace\open\src\hotspot\share\prims\jni.cpp, line 516]
Event: 82.624 Thread 0x000001d32534a970 Exception <a 'java/io/IOException'{0x0000000709ce6e20}> (0x0000000709ce6e20) 
thrown [t:\workspace\open\src\hotspot\share\prims\jni.cpp, line 516]
Event: 82.624 Thread 0x000001d32534a970 Exception <a 'java/io/IOException'{0x0000000709ce71f8}> (0x0000000709ce71f8) 
thrown [t:\workspace\open\src\hotspot\share\prims\jni.cpp, line 516]
Event: 82.624 Thread 0x000001d32534a970 Exception <a 'java/io/IOException'{0x0000000709cf4ea8}> (0x0000000709cf4ea8) 
thrown [t:\workspace\open\src\hotspot\share\prims\jni.cpp, line 516]
Event: 82.624 Thread 0x000001d32534a970 Exception <a 'java/io/IOException'{0x0000000709cf5280}> (0x0000000709cf5280) 
thrown [t:\workspace\open\src\hotspot\share\prims\jni.cpp, line 516]
Event: 82.625 Thread 0x000001d32534a970 Exception <a 'java/io/IOException'{0x0000000709d02f18}> (0x0000000709d02f18) 
thrown [t:\workspace\open\src\hotspot\share\prims\jni.cpp, line 516]
Event: 82.625 Thread 0x000001d32534a970 Exception <a 'java/io/IOException'{0x0000000709d032f0}> (0x0000000709d032f0) 
thrown [t:\workspace\open\src\hotspot\share\prims\jni.cpp, line 516]
Event: 82.625 Thread 0x000001d32534a970 Exception <a 'java/io/IOException'{0x0000000709d10fa0}> (0x0000000709d10fa0) 
thrown [t:\workspace\open\src\hotspot\share\prims\jni.cpp, line 516]
Event: 82.625 Thread 0x000001d32534a970 Exception <a 'java/io/IOException'{0x0000000709d11378}> (0x0000000709d11378) 
thrown [t:\workspace\open\src\hotspot\share\prims\jni.cpp, line 516]
Event: 82.625 Thread 0x000001d32534a970 Exception <a 'java/io/IOException'{0x0000000709d1f058}> (0x0000000709d1f058) 
thrown [t:\workspace\open\src\hotspot\share\prims\jni.cpp, line 516]
Event: 82.625 Thread 0x000001d32534a970 Exception <a 'java/io/IOException'{0x0000000709d1f430}> (0x0000000709d1f430) 
thrown [t:\workspace\open\src\hotspot\share\prims\jni.cpp, line 516]
Event: 82.626 Thread 0x000001d32534a970 Exception <a 'java/io/IOException'{0x0000000709d2d108}> (0x0000000709d2d108) 
thrown [t:\workspace\open\src\hotspot\share\prims\jni.cpp, line 516]
Event: 82.626 Thread 0x000001d32534a970 Exception <a 'java/io/IOException'{0x0000000709d2d4e0}> (0x0000000709d2d4e0) 
thrown [t:\workspace\open\src\hotspot\share\prims\jni.cpp, line 516]
Event: 82.626 Thread 0x000001d32534a970 Exception <a 'java/io/IOException'{0x0000000709d3b208}> (0x0000000709d3b208) 
thrown [t:\workspace\open\src\hotspot\share\prims\jni.cpp, line 516]
Event: 82.626 Thread 0x000001d32534a970 Exception <a 'java/io/IOException'{0x0000000709d3b5e0}> (0x0000000709d3b5e0) 
thrown [t:\workspace\open\src\hotspot\share\prims\jni.cpp, line 516]
Event: 82.627 Thread 0x000001d32534a970 Exception <a 'java/io/IOException'{0x0000000709d494f0}> (0x0000000709d494f0) 
thrown [t:\workspace\open\src\hotspot\share\prims\jni.cpp, line 516]
Event: 82.627 Thread 0x000001d32534a970 Exception <a 'java/io/IOException'{0x0000000709d498c8}> (0x0000000709d498c8) 
thrown [t:\workspace\open\src\hotspot\share\prims\jni.cpp, line 516]
Event: 82.628 Thread 0x000001d32534a970 Exception <a 'java/io/IOException'{0x0000000709d57960}> (0x0000000709d57960) 
thrown [t:\workspace\open\src\hotspot\share\prims\jni.cpp, line 516]

VM Operations (20 events):
Event: 40.136 Executing VM operation: G1CollectForAllocation
Event: 40.140 Executing VM operation: G1CollectForAllocation done
Event: 47.197 Executing VM operation: Cleanup
Event: 47.197 Executing VM operation: Cleanup done
Event: 55.277 Executing VM operation: Cleanup
Event: 55.277 Executing VM operation: Cleanup done
Event: 71.405 Executing VM operation: Cleanup
Event: 71.406 Executing VM operation: Cleanup done
Event: 82.508 Executing VM operation: G1CollectForAllocation
Event: 82.508 Executing VM operation: G1CollectForAllocation done
Event: 82.527 Executing VM operation: G1CollectForAllocation
Event: 82.527 Executing VM operation: G1CollectForAllocation done
Event: 82.548 Executing VM operation: G1CollectForAllocation
Event: 82.548 Executing VM operation: G1CollectForAllocation done
Event: 82.567 Executing VM operation: G1CollectForAllocation
Event: 82.567 Executing VM operation: G1CollectForAllocation done
Event: 82.596 Executing VM operation: G1CollectForAllocation
Event: 82.596 Executing VM operation: G1CollectForAllocation done
Event: 82.615 Executing VM operation: G1CollectForAllocation
Event: 82.615 Executing VM operation: G1CollectForAllocation done

Events (20 events):
Event: 10.315 loading class java/util/concurrent/locks/ReentrantReadWriteLock$Sync$HoldCounter done
Event: 10.319 loading class java/util/ArrayList$SubList$2
Event: 10.319 loading class java/util/ArrayList$SubList$2 done
Event: 10.327 loading class java/time/format/DateTimeFormatterBuilder$ZoneTextPrinterParser
Event: 10.327 loading class java/time/format/DateTimeFormatterBuilder$ZoneTextPrinterParser done
Event: 10.327 loading class java/time/format/DateTimeFormatterBuilder$ReducedPrinterParser
Event: 10.327 loading class java/time/format/DateTimeFormatterBuilder$ReducedPrinterParser done
Event: 10.332 loading class jdk/internal/access/foreign/MemorySegmentProxy
Event: 10.332 loading class jdk/internal/access/foreign/MemorySegmentProxy done
Event: 11.301 Thread 0x000001d37f626b30 Thread exited: 0x000001d37f626b30
Event: 11.301 Thread 0x000001d37f6293b0 Thread exited: 0x000001d37f6293b0
Event: 82.467 loading class sun/reflect/Reflection
Event: 82.467 loading class sun/reflect/Reflection done
Event: 82.467 loading class jdk/internal/loader/BootLoader$PackageHelper
Event: 82.467 loading class jdk/internal/loader/BootLoader$PackageHelper done
Event: 82.468 loading class java/security/AllPermissionCollection
Event: 82.468 loading class java/security/AllPermissionCollection done
Event: 82.469 loading class sun/nio/cs/StringUTF16
Event: 82.469 loading class sun/nio/cs/StringUTF16 done
Event: 82.502 Thread 0x000001d37f629dd0 Thread added: 0x000001d37f629dd0


Dynamic libraries:
0x00007ff662ea0000 - 0x00007ff662eb0000 	C:\Program Files\Java\jdk-17.0.2\bin\java.exe
0x00007ff986f90000 - 0x00007ff987185000 	C:\Windows\SYSTEM32\ntdll.dll
0x00007ff986590000 - 0x00007ff98664e000 	C:\Windows\System32\KERNEL32.DLL
0x00007ff984bc0000 - 0x00007ff984e88000 	C:\Windows\System32\KERNELBASE.dll
0x00007ff984a60000 - 0x00007ff984b60000 	C:\Windows\System32\ucrtbase.dll
0x00007ff962d30000 - 0x00007ff962d4a000 	C:\Program Files\Java\jdk-17.0.2\bin\VCRUNTIME140.dll
0x00007ff962d10000 - 0x00007ff962d28000 	C:\Program Files\Java\jdk-17.0.2\bin\jli.dll
0x00007ff985170000 - 0x00007ff98521e000 	C:\Windows\System32\ADVAPI32.dll
0x00007ff9867c0000 - 0x00007ff98685e000 	C:\Windows\System32\msvcrt.dll
0x00007ff985220000 - 0x00007ff9852bc000 	C:\Windows\System32\sechost.dll
0x00007ff986990000 - 0x00007ff986ab5000 	C:\Windows\System32\RPCRT4.dll
0x00007ff985350000 - 0x00007ff9854f0000 	C:\Windows\System32\USER32.dll
0x00007ff984b60000 - 0x00007ff984b82000 	C:\Windows\System32\win32u.dll
0x00007ff986ae0000 - 0x00007ff986b0a000 	C:\Windows\System32\GDI32.dll
0x00007ff96eb10000 - 0x00007ff96edaa000 	C:\Windows\WinSxS\amd64_microsoft.windows.common-controls_6595b64144ccf1df_6.0.19041.1110_none_60b5254171f9507e\COMCTL32.dll
0x00007ff984950000 - 0x00007ff984a5b000 	C:\Windows\System32\gdi32full.dll
0x00007ff984770000 - 0x00007ff98480d000 	C:\Windows\System32\msvcp_win.dll
0x00007ff979360000 - 0x00007ff97936a000 	C:\Windows\SYSTEM32\VERSION.dll
0x00007ff985320000 - 0x00007ff985350000 	C:\Windows\System32\IMM32.DLL
0x00007ff96eae0000 - 0x00007ff96eaec000 	C:\Program Files\Java\jdk-17.0.2\bin\vcruntime140_1.dll
0x00007ff956c80000 - 0x00007ff956d0d000 	C:\Program Files\Java\jdk-17.0.2\bin\msvcp140.dll
0x00007ff926b80000 - 0x00007ff927741000 	C:\Program Files\Java\jdk-17.0.2\bin\server\jvm.dll
0x00007ff986e70000 - 0x00007ff986e78000 	C:\Windows\System32\PSAPI.DLL
0x00007ff96a350000 - 0x00007ff96a359000 	C:\Windows\SYSTEM32\WSOCK32.dll
0x00007ff96af00000 - 0x00007ff96af27000 	C:\Windows\SYSTEM32\WINMM.dll
0x00007ff986ee0000 - 0x00007ff986f4b000 	C:\Windows\System32\WS2_32.dll
0x00007ff982f60000 - 0x00007ff982f72000 	C:\Windows\SYSTEM32\kernel.appcore.dll
0x00007ff96e840000 - 0x00007ff96e84a000 	C:\Program Files\Java\jdk-17.0.2\bin\jimage.dll
0x00007ff982160000 - 0x00007ff982344000 	C:\Windows\SYSTEM32\DBGHELP.DLL
0x00007ff96a2f0000 - 0x00007ff96a31c000 	C:\Windows\SYSTEM32\dbgcore.DLL
0x00007ff9848c0000 - 0x00007ff984942000 	C:\Windows\System32\bcryptPrimitives.dll
0x00007ff95ca20000 - 0x00007ff95ca45000 	C:\Program Files\Java\jdk-17.0.2\bin\java.dll
0x00007ff936620000 - 0x00007ff9366f6000 	C:\Program Files\Java\jdk-17.0.2\bin\jsvml.dll
0x00007ff9856b0000 - 0x00007ff985df4000 	C:\Windows\System32\SHELL32.dll
0x00007ff9827b0000 - 0x00007ff982f44000 	C:\Windows\SYSTEM32\windows.storage.dll
0x00007ff986b10000 - 0x00007ff986e64000 	C:\Windows\System32\combase.dll
0x00007ff984120000 - 0x00007ff98414c000 	C:\Windows\SYSTEM32\Wldp.dll
0x00007ff985e00000 - 0x00007ff985ead000 	C:\Windows\System32\SHCORE.dll
0x00007ff986e80000 - 0x00007ff986ed5000 	C:\Windows\System32\shlwapi.dll
0x00007ff9845f0000 - 0x00007ff98460f000 	C:\Windows\SYSTEM32\profapi.dll
0x00007ff962cf0000 - 0x00007ff962d09000 	C:\Program Files\Java\jdk-17.0.2\bin\net.dll
0x00007ff980bd0000 - 0x00007ff980cda000 	C:\Windows\SYSTEM32\WINHTTP.dll
0x00007ff983e80000 - 0x00007ff983eea000 	C:\Windows\system32\mswsock.dll
0x00007ff959060000 - 0x00007ff959076000 	C:\Program Files\Java\jdk-17.0.2\bin\nio.dll
0x00007ff959040000 - 0x00007ff959058000 	C:\Program Files\Java\jdk-17.0.2\bin\zip.dll
0x00007ff96e1c0000 - 0x00007ff96e1d0000 	C:\Program Files\Java\jdk-17.0.2\bin\verify.dll
0x00007ff97f0f0000 - 0x00007ff97f0f9000 	C:\Program Files\Java\jdk-17.0.2\bin\management.dll
0x00007ff97f0e0000 - 0x00007ff97f0eb000 	C:\Program Files\Java\jdk-17.0.2\bin\management_ext.dll
0x00007ff964da0000 - 0x00007ff964db7000 	C:\Windows\system32\napinsp.dll
0x00007ff964ca0000 - 0x00007ff964cbb000 	C:\Windows\system32\pnrpnsp.dll
0x00007ff980e00000 - 0x00007ff980e15000 	C:\Windows\system32\wshbth.dll
0x00007ff980b90000 - 0x00007ff980bad000 	C:\Windows\system32\NLAapi.dll
0x00007ff983b00000 - 0x00007ff983b3b000 	C:\Windows\SYSTEM32\IPHLPAPI.DLL
0x00007ff983b40000 - 0x00007ff983c0b000 	C:\Windows\SYSTEM32\DNSAPI.dll
0x00007ff9854f0000 - 0x00007ff9854f8000 	C:\Windows\System32\NSI.dll
0x00007ff964c80000 - 0x00007ff964c92000 	C:\Windows\System32\winrnr.dll
0x00007ff979b60000 - 0x00007ff979b6a000 	C:\Windows\System32\rasadhlp.dll
0x00007ff9770f0000 - 0x00007ff97716f000 	C:\Windows\System32\fwpuclnt.dll
0x00007ff984b90000 - 0x00007ff984bb7000 	C:\Windows\System32\bcrypt.dll
0x00007ff984070000 - 0x00007ff984088000 	C:\Windows\SYSTEM32\CRYPTSP.dll
0x00007ff983790000 - 0x00007ff9837c4000 	C:\Windows\system32\rsaenh.dll
0x00007ff9845b0000 - 0x00007ff9845de000 	C:\Windows\SYSTEM32\USERENV.dll
0x00007ff984090000 - 0x00007ff98409c000 	C:\Windows\SYSTEM32\CRYPTBASE.dll
0x00007ff978630000 - 0x00007ff978647000 	C:\Windows\SYSTEM32\dhcpcsvc6.DLL
0x00007ff979370000 - 0x00007ff97938d000 	C:\Windows\SYSTEM32\dhcpcsvc.DLL
0x00007ff97a7b0000 - 0x00007ff97a7be000 	C:\Program Files\Java\jdk-17.0.2\bin\sunmscapi.dll
0x00007ff984e90000 - 0x00007ff984fe6000 	C:\Windows\System32\CRYPT32.dll
0x00007ff984190000 - 0x00007ff9841b7000 	C:\Windows\SYSTEM32\ncrypt.dll
0x00007ff984150000 - 0x00007ff98418b000 	C:\Windows\SYSTEM32\NTASN1.dll
0x00007ff97a7a0000 - 0x00007ff97a7a7000 	C:\Windows\system32\wshunix.dll

dbghelp: loaded successfully - version: 4.0.5 - missing functions: none
symbol engine: initialized successfully - sym options: 0x614 - pdb path: .;C:\Program Files\Java\jdk-17.0.2\bin;C:\Windows\SYSTEM32;C:\Windows\WinSxS\amd64_microsoft.windows.common-controls_6595b64144ccf1df_6.0.19041.1110_none_60b5254171f9507e;C:\Program Files\Java\jdk-17.0.2\bin\server

VM Arguments:
jvm_args: -Dfile.encoding=x-windows-949 -Duser.country=KR -Duser.language=ko -Duser.variant 
java_command: com.group3.project_green.ProjectGreenApplication
java_class_path (initial): C:\Users\hosang\Desktop\hosang\project_green\build\classes\java\main;C:\Users\hosang\Desktop\hosang\project_green\build\resources\main;C:\Users\hosang\.gradle\caches\modules-2\files-2.1\org.springframework.boot\spring-boot-devtools\2.6.7\165072232fe9adeb7d5a730f01587e17a36d971e\spring-boot-devtools-2.6.7.jar;C:\Users\hosang\.gradle\caches\modules-2\files-2.1\org.springframework.boot\spring-boot-starter-data-jpa\2.6.7\c67c8556deb506677da64cac10c6e4edcff41847\spring-boot-starter-data-jpa-2.6.7.jar;C:\Users\hosang\.gradle\caches\modules-2\files-2.1\org.springframework.boot\spring-boot-starter-thymeleaf\2.6.7\d09d0e06d2ac1d0b7eed3da9cc459ab4fa5b50c\spring-boot-starter-thymeleaf-2.6.7.jar;C:\Users\hosang\.gradle\caches\modules-2\files-2.1\org.springframework.boot\spring-boot-starter-web\2.6.7\d877d6b14397f0c4b3a1611149a37eaf47f32195\spring-boot-starter-web-2.6.7.jar;C:\Users\hosang\.gradle\caches\modules-2\files-2.1\org.springframework.boot\spring-boot-starter-json\2.6.8\ea3311052a96a1bf0f975334cda285769d40a6b\spring-boot-starter-json-2.6.8.jar;C:\Users\hosang\.gradle\caches\modules-2\files-2.1\org.springframework.boot\spring-boot-starter-security\2.6.7\6a37eec49a7098f87cea63ec9fbc6c5a654ac622\spring-boot-starter-security-2.6.7.jar;C:\Users\hosang\.gradle\caches\modules-2\files-2.1\org.thymeleaf.extras\thymeleaf-extras-springsecurity5\3.0.4.RELEASE\88bb10bf73ce285208dd848e8eb17f897ebb02d4\thymeleaf-extras-springsecurity5-3.0.4.RELEASE.jar;C:\Users\hosang\.gradle\caches\modules-2\files-2.1\org.springframework.boot\spring-boot-starter-oauth2-client\2.6.7\1ff06c10cdc308184481da2d8bc9b9860ef00fc9\spring-boot-starter-oauth2-client-2.6.7.jar;C:\Users\hosang\.gradle\caches\modules-2\files-2.1\org.mariadb.jdbc\mariadb-java-client\2.7.5\9dd29797ecabe7d2e7fa892ec6713a5552cfcc59\mariadb-java-client-2.7.5.jar;C:\Users\hosang\.gradle\caches\modules-2\files-2.1\org.springframework.boot\spring-boot-starter-aop\2.6.7\35c3b25e425476d68a697206f6d96790ba7e03f9\
Launcher Type: SUN_STANDARD

[Global flags]
     intx CICompilerCount                          = 4                                         {product} {ergonomic}
     uint ConcGCThreads                            = 2                                         {product} {ergonomic}
     uint G1ConcRefinementThreads                  = 8                                         {product} {ergonomic}
   size_t G1HeapRegionSize                         = 2097152                                   {product} {ergonomic}
    uintx GCDrainStackTargetSize                   = 64                                        {product} {ergonomic}
   size_t InitialHeapSize                          = 264241152                                 {product} {ergonomic}
   size_t MarkStackSize                            = 4194304                                   {product} {ergonomic}
   size_t MaxHeapSize                              = 4217372672                                {product} {ergonomic}
   size_t MaxNewSize                               = 2529165312                                {product} {ergonomic}
   size_t MinHeapDeltaBytes                        = 2097152                                   {product} {ergonomic}
   size_t MinHeapSize                              = 8388608                                   {product} {ergonomic}
    uintx NonNMethodCodeHeapSize                   = 5839372                                {pd product} {ergonomic}
    uintx NonProfiledCodeHeapSize                  = 122909434                              {pd product} {ergonomic}
    uintx ProfiledCodeHeapSize                     = 122909434                              {pd product} {ergonomic}
    uintx ReservedCodeCacheSize                    = 251658240                              {pd product} {ergonomic}
     bool SegmentedCodeCache                       = true                                      {product} {ergonomic}
   size_t SoftMaxHeapSize                          = 4217372672                             {manageable} {ergonomic}
     bool UseCompressedClassPointers               = true                           {product lp64_product} {ergonomic}
     bool UseCompressedOops                        = true                           {product lp64_product} {ergonomic}
     bool UseG1GC                                  = true                                      {product} {ergonomic}
     bool UseLargePagesIndividualAllocation        = false                                  {pd product} {ergonomic}

Logging:
Log output configuration:
 #0: stdout all=warning uptime,level,tags
 #1: stderr all=off uptime,level,tags

Environment Variables:
PATH=C:\Program Files\Common Files\Oracle\Java\javapath;C:\Program Files (x86)\Common Files\Oracle\Java\javapath;C:\oraclexe\app\oracle\product\11.2.0\server\bin;C:\Windows\system32;C:\Windows;C:\Windows\System32\Wbem;C:\Windows\System32\WindowsPowerShell\v1.0\;C:\Windows\System32\OpenSSH\;C:\Program Files\nodejs\;C:\Program Files\WEBprogramming\jdk-17.0.2\bin;C:\Program Files\MySQL\MySQL Server 8.0\bin;C:\Program Files\Git\cmd;C:\Users\hosang\AppData\Local\Microsoft\WindowsApps;;C:\Users\hosang\AppData\Local\Programs\Microsoft VS Code\bin
USERNAME=hosang
OS=Windows_NT
PROCESSOR_IDENTIFIER=Intel64 Family 6 Model 140 Stepping 1, GenuineIntel



---------------  S Y S T E M  ---------------

OS:
 Windows 10 , 64 bit Build 19041 (10.0.19041.1645)
OS uptime: 18 days 0:25 hours

CPU: total 8 (initial active 8) (4 cores per cpu, 2 threads per core) family 6 model 140 stepping 1 microcode 0x86, cx8, cmov, fxsr, ht, mmx, 3dnowpref, sse, sse2, sse3, ssse3, sse4.1, sse4.2, popcnt, lzcnt, tsc, tscinvbit, avx, avx2, aes, erms, clmul, bmi1, bmi2, adx, avx512f, avx512dq, avx512cd, avx512bw, avx512vl, sha, fma, vzeroupper, avx512_vpopcntdq, avx512_vpclmulqdq, avx512_vaes, avx512_vnni, clflush, clflushopt, clwb, avx512_vbmi2, avx512_vbmi

Memory: 4k page, system-wide physical 16080M (6666M free)
TotalPageFile size 18512M (AvailPageFile size 6497M)
current process WorkingSet (physical memory assigned to process): 271M, peak: 288M
current process commit charge ("private bytes"): 313M, peak: 413M

vm_info: Java HotSpot(TM) 64-Bit Server VM (17.0.2+8-LTS-86) for windows-amd64 JRE (17.0.2+8-LTS-86), built on Dec  7 2021 21:51:03 by "mach5one" with MS VC++ 16.8 / 16.9 (VS2019)

END.
